0 info it worked if it ends with ok
1 verbose cli [ '/home/vlado/.nvm/versions/node/v5.1.0/bin/node',
1 verbose cli   '/home/vlado/.nvm/versions/node/v5.1.0/bin/npm',
1 verbose cli   'run',
1 verbose cli   'build' ]
2 info using npm@3.3.12
3 info using node@v5.1.0
4 verbose run-script [ 'prebuild', 'build', 'postbuild' ]
5 info lifecycle ngSemantic@1.0.0~prebuild: ngSemantic@1.0.0
6 silly lifecycle ngSemantic@1.0.0~prebuild: no script for prebuild, continuing
7 info lifecycle ngSemantic@1.0.0~build: ngSemantic@1.0.0
8 verbose lifecycle ngSemantic@1.0.0~build: unsafe-perm in lifecycle true
9 verbose lifecycle ngSemantic@1.0.0~build: PATH: /home/vlado/.nvm/versions/node/v5.1.0/lib/node_modules/npm/bin/node-gyp-bin:/home/vlado/WebstormProjects/angular2-semantic/node_modules/.bin:/home/vlado/.nvm/versions/node/v5.1.0/bin:/usr/local/heroku/bin:/home/vlado/Android/Sdk/tools:/home/vlado/Android/Sdk/platform-tools:/home/vlado/Android/Sdk:/home/vlado/Downloads/cocos2d-x-3.7.1/templates:/home/vlado/Downloads/cocos2d-x-3.7.1/tools/cocos2d-console/bin:/home/vlado/.composer/vendor/bin:/home/vlado/google-cloud-sdk/bin:/usr/local/sbin:/usr/local/bin:/usr/sbin:/usr/bin:/sbin:/bin:/usr/games:/usr/local/games:/home/vlado/Android/Sdk/tools
10 verbose lifecycle ngSemantic@1.0.0~build: CWD: /home/vlado/WebstormProjects/angular2-semantic
11 silly lifecycle ngSemantic@1.0.0~build: Args: [ '-c',
11 silly lifecycle   'rm -rf build/app && tsc && cd src && find . -name \'*.html\' | cpio -pdm ../build' ]
12 silly lifecycle ngSemantic@1.0.0~build: Returned: code: 2  signal: null
13 info lifecycle ngSemantic@1.0.0~build: Failed to exec build script
14 verbose stack Error: ngSemantic@1.0.0 build: `rm -rf build/app && tsc && cd src && find . -name '*.html' | cpio -pdm ../build`
14 verbose stack Exit status 2
14 verbose stack     at EventEmitter.<anonymous> (/home/vlado/.nvm/versions/node/v5.1.0/lib/node_modules/npm/lib/utils/lifecycle.js:232:16)
14 verbose stack     at emitTwo (events.js:87:13)
14 verbose stack     at EventEmitter.emit (events.js:172:7)
14 verbose stack     at ChildProcess.<anonymous> (/home/vlado/.nvm/versions/node/v5.1.0/lib/node_modules/npm/lib/utils/spawn.js:24:14)
14 verbose stack     at emitTwo (events.js:87:13)
14 verbose stack     at ChildProcess.emit (events.js:172:7)
14 verbose stack     at maybeClose (internal/child_process.js:818:16)
14 verbose stack     at Process.ChildProcess._handle.onexit (internal/child_process.js:211:5)
15 verbose pkgid ngSemantic@1.0.0
16 verbose cwd /home/vlado/WebstormProjects/angular2-semantic/build/assets/semantic
17 error Linux 3.16.0-49-generic
18 error argv "/home/vlado/.nvm/versions/node/v5.1.0/bin/node" "/home/vlado/.nvm/versions/node/v5.1.0/bin/npm" "run" "build"
19 error node v5.1.0
20 error npm  v3.3.12
21 error code ELIFECYCLE
22 error ngSemantic@1.0.0 build: `rm -rf build/app && tsc && cd src && find . -name '*.html' | cpio -pdm ../build`
22 error Exit status 2
23 error Failed at the ngSemantic@1.0.0 build script 'rm -rf build/app && tsc && cd src && find . -name '*.html' | cpio -pdm ../build'.
23 error Make sure you have the latest version of node.js and npm installed.
23 error If you do, this is most likely a problem with the ngSemantic package,
23 error not with npm itself.
23 error Tell the author that this fails on your system:
23 error     rm -rf build/app && tsc && cd src && find . -name '*.html' | cpio -pdm ../build
23 error You can get their info via:
23 error     npm owner ls ngSemantic
23 error There is likely additional logging output above.
24 verbose exit [ 1, true ]
